<?xml version="1.0" encoding="UTF-8"?>
<testng-results ignored="0" total="1" passed="1" failed="0" skipped="0">
  <reporter-output>
  </reporter-output>
  <suite started-at="2022-10-30T07:14:50 IST" name="Default suite" finished-at="2022-10-30T07:14:57 IST" duration-ms="7283">
    <groups>
    </groups>
    <test started-at="2022-10-30T07:14:50 IST" name="Default test" finished-at="2022-10-30T07:14:57 IST" duration-ms="7283">
      <class name="mavenPackage.Access_FaceBook">
        <test-method signature="mOne()[pri:0, instance:mavenPackage.Access_FaceBook@6ef888f6]" started-at="2022-10-30T07:14:50 IST" name="mOne" finished-at="2022-10-30T07:14:57 IST" duration-ms="7223" status="PASS">
          <reporter-output>
          </reporter-output>
        </test-method> <!-- mOne -->
      </class> <!-- mavenPackage.Access_FaceBook -->
    </test> <!-- Default test -->
  </suite> <!-- Default suite -->
</testng-results>
